3.0
a (620)
a-piece
abide
able
about (92)
about!”
about,”
above (3)
absence
absurd (2)
acceptance
accident (2)
accidentally
account
accounting
accounts
accusation!”
accustomed
ache!”
across (5)
act
actually
Ada,”
added (23)
adding
addressed (2)
addressing
adjourn
adoption
advance (2)
advantage (2)
advantage,”
adventures (5)
adventures.”
adventures—beginning
advice (3)
advisable
advisable—’”
advise
affair
affectionately
afford
afore
afraid (11)
afraid,”
after (40)
after-time
afterwards
afterwards.”
again (68)
again!” (7)
again,”
again.” (2)
again:— (2)
again?” (2)
against (9)
again—‘_before
age (4)
ago (2)
agony
agree (2)
Ah
air (14)
airs
alarm (2)
alarmed
alas (4)
Alice (383)
Alice!”
Alice)—“and
Alice’s (13)
alive (2)
alive!”
all (168)
all!”
all,” (3)
all.” (2)
all?” (2)
allow (2)
almost (6)
alone (3)
alone!”
along (5)
along—“catch
aloud (5)
already (2)
also (2)
altered.”
alternately
altogether (5)
always (12)
am (15)
among (12)
an (56)
ancient
and (789)
and—oh (2)
anger (2)
angrily (9)
angry (5)
animal
animals (4)
animal’s
Ann (3)
Ann!”
annoy
annoyed,”
another (22)
answer (8)
answer?”
answered (4)
answers.”
Antipathies
anxious (3)
anxiously (14)
any (37)
any,”
anything (18)
anywhere
appealed
appear (2)
appearance
appeared (8)
appearing
applause
apples (2)
arch
archbishop (2)
arches (4)
are (44)
are!”
are,”
argue
argued
argument (4)
arguments
Arithmetic—ambition
arm (12)
arm-chair
arm-in-arm
arms (6)
around (3)
arranged
arrived
arrow
as (254)
ashamed (2)
ask (10)
ask.”
askance—
asked (17)
asking (5)
asleep (7)
asleep,”
assembled (2)
at (205)
at!’
ate
Atheling
atom (2)
attempt
attempted
attempts
attended
attending (2)
attending!”
attends
audibly
Australia?”
authority (2)
avoid
away (22)
away!” (2)
away,”
awfully
axes,”
axis—”
a—i’m
a—”
baby (11)
baby?”
baby—the
back (35)
back!” (2)
back-somersault
backs
bad (2)
bag
baked
balanced
balls
bank (2)
banks
bank—the
banquet—
bark (2)
barking
barley-sugar
barrowful (2)
bat (2)
bat?”
bathing
bats (3)
bats?”
bawled
be (139)
be!”
be,” (3)
be.”
be?” (2)
beak—
bear
bear?—mind
beast
beasts (2)
beat (4)
beating (2)
beautiful (11)
beautifully (2)
beautify
beauti—ful
Beau—ootiful (4)
became (2)
because (12)
become (5)
becoming
bed!”
beds
bee,”
been (38)
before (33)
before,” (3)
before.”
beg (8)
began (57)
began:—
begged
begin (8)
begin.” (3)
begin?”
beginning (11)
beginning!”
beginning,”
begins (4)
begun (6)
begun.”
beheaded
beheaded!” (2)
beheading
behind (12)
behind?”
being (19)
believe (8)
believe.”
believed
belong
belongs (2)
beloved
below (2)
below!”
belt
bend (2)
bent
besides (3)
best (12)
better (11)
better,”
better.”
better;”
between (6)
be’—or
bill (10)
Bill!”
Bill,” (2)
Bill’s (3)
bird
bird,”
birds (9)
birthday
bit (12)
bit!”
bit,” (2)
bit.”
bite
bite,”
bitter—and—and
blacking
blades
blame
blasts (2)
bleeds
blew (2)
blow (2)
blown
blows
blue
body (2)
boldly
bone
bones
book (5)
book,” (2)
book-shelves
books
boon
boots (3)
bore
both (14)
bother
bottle (10)
bottom (4)
bough
bound
bowed (4)
bowing
box (3)
boxed
box—
boy (2)
boy—and
brain
branch
branches (2)
brass
brave
bread-and-butter (5)
bread-and-butter—”
bread-knife.”
break (2)
breath (3)
breath.’
breathe
breathe.”
breathe’!”
breeze
bright (7)
bright-eyed
brightened (2)
bring (2)
bringing (3)
bristling
broke (2)
broken (6)
brother’s
brought (3)
brown (2)
brush
brushing
burn (2)
burning
burnt
burst
bursting
busily (4)
business (3)
business!” (2)
business,”
business?”
busy (2)
but (124)
butter (2)
butter,”
buttercup
buttered
butterfly
buttons
by (57)
by—the
cackled
cake (3)
cakes (2)
cakes,”
call (5)
called (15)
calling
calmly
came (40)
camomile
can (31)
can,”
can;—but
Canary
candle (3)
cannot
Canterbury
canvas
can—”
can’t (27)
capering
capital (4)
cardboard
cards (2)
cards!”
care (4)
carefully (3)
cares (2)
carried (4)
carrier,”
Carroll
carry
carrying (2)
cart-horse
cartwheels
case (4)
case,”
cat (33)
cat,” (2)
catch (3)
catching (2)
caterpillar (28)
Caterpillar’s
cats (10)
cats!”
cats.”
cats?”
cattle
Cat’s (2)
Caucus-race (2)
Caucus-race.”
Caucus-race?”
caught (3)
cauldron (2)
cause (3)
caused (2)
cautiously (3)
ceiling
centre
certain (3)
certainly (10)
certainly,” (3)
chains
chance (4)
chanced
change (12)
changed (8)
changes (2)
changing (2)
chapter (24)
character
charges
chatte?”
cheap
cheated
checked (3)
cheeks
cheered (3)
cheerfully
cherry-tart
Cheshire (6)
chief
child (6)
child!” (2)
child,”
child-life
child?”
childhood
children (10)
chimney (4)
chimney!”
chimney?—nay
chimneys
chin (7)
choice
choice!”
choke
choked (3)
choking
choosing
chorus (5)
chose
chose,”
Christmas.”
chrysalis—you
chuckled
circle
circumstances
civil (3)
clamour
clapping
clasped
Classics
claws (2)
clean
clear (2)
cleared
clearer
clearly,”
clever
clever?”
climb
clinging
clock (2)
close (13)
closed (2)
closely
closer
clubs
coast
coaxing (2)
Coils.”
cold
collected (2)
come (28)
comes (2)
comfits (2)
comfort
comfortable
comfortably
coming (7)
coming!”
common
commotion
company
complained
complaining
completely
concert
concert!”
concluded (2)
conclusion (2)
condemn
conduct
confused (4)
confusing (2)
confusing.”
confusion (5)
conger-eel
Conqueror
Conqueror.”
conquest
consented
consider
considered (3)
considering (3)
constant (2)
consultation
contempt
contemptuous
contemptuously (2)
content
Contents
continued (9)
contradicted
conversation (9)
conversations
conversations?”
cook (13)
cool (2)
corner (3)
corners
corner—no
cost
could (77)
couldn’t (9)
counting
country
couple?”
couples
courage (3)
course (17)
course,” (5)
course.”
course?”
course—‘_i
court (15)
court!”
court,”
court_.”
courtiers (2)
coward!”
crab (3)
crash (2)
crash)—“now
crashed
crawled
crawling
crazy!”
creature (4)
creatures (8)
creatures,”
creep
crept
cried (20)
cries
crimson (2)
crocodile
croquet (3)
croquet-ground (4)
croquet.” (2)
croquet?”
croqueted
croqueting
cross
cross-examine (2)
crossed (3)
crossly
crouched
crowd (4)
crowded (5)
crown (3)
crumbs
crumbs,”
crumbs.”
cry (3)
crying (2)
cucumber-frame
cucumber-frames
cunning
cup
cup,”
cupboards (2)
cur
curiosity (5)
curious (17)
curious!”
curious.”
curiouser!”
curled (2)
curls
curly
currants
curtain
curtsey
curtseying
curving
cushion (2)
custard
custody (2)
cut (5)
cutting,”
d,”
dainties
daisies
daisy-chain
dance (11)
dance,”
dance?”
dancing
dancing.”
dare (5)
daresay
dark (3)
darkness
dates
daughter
day (21)
day!”
day,”
day-school
day.”
days (3)
days.”
day—”
dead (4)
deal (12)
dear (22)
dear!’
dear!” (3)
dear,”
dear?”
dears (3)
death.’”
decided (3)
decidedly (4)
declare (2)
declared
deep (7)
deepest
deeply (4)
delay
delight (3)
delighted (2)
delightful (2)
denial
denied (2)
denies
deny (2)
denying
depends
Derision.”
deserved
despair
desperate
desperately
diamonds
did (55)
did!”
did,” (3)
didn’t (11)
didn’t!” (2)
didn’t,”
die
died
different (6)
different!” (2)
different,”
difficult (2)
difficulties
difficulty (4)
dig
digging (3)
diligently
Dinah (10)
Dinah!”
Dinah’ll
Dinn
dinner
dinner!”
dinn—”
dipped (2)
directed (2)
direction (3)
direction,” (2)
directions (3)
directly (2)
disagree
disappeared (2)
disappointment
disgust
dish (4)
dishes (2)
dismay
disobey
dispute (2)
distance (7)
distance—but
distant (2)
Distraction
dive
do (60)
do!” (3)
do,” (4)
do.’
do.” (2)
do:—
do?”
dodged
Dodo (13)
does (6)
does.”
doesn’t (16)
dog (2)
dogs
dogs.”
dogs?”
dog’s
doing (3)
doing!”
doing?”
done (12)
done,” (2)
done.”
don’t (53)
don’t!”
door (28)
doors (2)
doorway
door—
door—i
Dormouse (36)
Dormouse!”
Dormouse,” (2)
Dormouse’s
doth (3)
double
doubled-up
doubling
doubt (4)
doubtful (2)
doubtfully (2)
down (98)
down!”
down,” (3)
downward
downwards
down—here
doze
dozing
draggled
draw (5)
draw,”
draw?”
drawing
Drawling
Drawling-master
Drawling—the
dreadful
dreadful,”
dreadfully (6)
dream (5)
dream!”
dream:—
dreamed
dreaming
dreamy
dressed
drew (5)
dried
driest
drink (4)
drinking
dripping
drive
drop
dropped (5)
dropping
drowned
drunk (2)
dry (8)
Duchess (37)
Duchess,”
Duchess?”
Duchess’s (3)
duck (4)
dull (2)
dull!”
dunce
each (7)
eager (3)
eagerly (8)
Eaglet (3)
ear (6)
earls (2)
earnestly (2)
ears (4)
ears—”
earth (4)
easily (3)
easy (2)
eat (16)
eaten
eating
eats
eat’
Edgar
edge (3)
edition
editions (2)
educations—in
Edwin
eel
eels
effect (3)
egg!”
eggs (4)
eggs,”
either (8)
either!”
elbow (2)
elbow.”
elbows
elegant
eleventh
else (10)
else’s
else’—but
Elsie
emphasis
empty
encourage
encouraged
encouraging (2)
end (16)
end,”
end.”
ending
energetic
engaged
England
English (4)
English!”
English,”
engraved
enjoy
ennyworth
enormous
enough (14)
enough!”
enough,”
enough.”
enough—i
entangled (2)
entirely (2)
entrance
escape (3)
escape!”
Esq
est
even (18)
evening (2)
ever (20)
ever,” (2)
every (12)
everybody (6)
everything (10)
everything’s
evidence (5)
evidence,” (3)
evidently
exact
exactly (6)
examining
excellent (2)
except (4)
exclaimed (6)
exclamation
execute
executed (5)
executed.”
executes
execution
execution.”
executioner (5)
executioner’s
executions (2)
execution—once
existence
expected
expecting (3)
experiment
experiment?”
explain (8)
explained,”
explanation (2)
expressing
expression
extraordinary (2)
extras?”
extremely
extremely—”
eye (7)
eyelids
eyes (27)
eyes.—“tell
eyes—and
e—e—evening (3)
face (14)
faces (5)
face—and
fact (7)
fact.”
fading
failure
faint
Fainting
faintly
fair
fairly,”
fairy-tales
fall (7)
fallen (4)
falling (2)
familiarly
family
fan (10)
fancied (2)
fancy (5)
fancying
fancy—who’s
fanned
fanning
far (10)
far!”
far,” (2)
farm-yard—while
farmer
farther
fashion
fashion.”
fast (4)
faster (2)
faster?”
fat
father (6)
favoured
favourite
fear (4)
feared
feather
feathers
feeble (2)
feebly
feel (8)
feeling (6)
feeling!”
feelings (2)
feet (18)
feet!”
fell (6)
fellow (2)
fellow!”
fellow?”
fellows
felt (23)
Fender
ferrets (2)
fetch (5)
few (9)
fidgeted
field
fifteen
fifth
fig?”
fight (2)
fighting
figure
figure!”
figure,”
figures!”
filled (3)
fills
find (20)
find?”
finding (3)
finds
fine (2)
finger (5)
finish (5)
finished (10)
finished,”
finished.”
finishing
fire (3)
fire-irons
fireplace
first (44)
first!”
first,” (2)
first.”
first—they
first—verdict
fish (3)
fish)—and
Fish-footman (2)
fishes
fit (2)
fit_—’
fits
fitted
five (8)
fix
fixed
flame
flamingo (5)
flamingoes
flapper
flappers
flashed
flat (2)
flavour
flew
flinging
flock
floor (3)
flower-beds
flower-pot
flowers (2)
flown
flung
flurry
flustered
fluttered
fly (3)
flying
folded (3)
folding
follow (2)
followed (8)
follows (2)
follows:—
fond (3)
fond—of—of
foolish
foot (10)
footman (10)
Footman’s
footmen
footsteps (2)
for (141)
for.”
for?’”
for?” (2)
forehead (2)
forepaws
forget (2)
forgetting (3)
forgot (2)
forgotten (6)
fork
form
fortunately
Forty-two
forwards
found (29)
fountains (2)
four (6)
fourth.”
France—
free (3)
French (3)
friend (3)
friends (2)
fright (2)
frighten
frightened (7)
frog (2)
Frog-footman
from (34)
from,”
from?”
front (2)
frontispiece
frowning (4)
frying-pan
fulcrum
full (6)
fumbled
fun
fun!”
fun?”
funny (3)
fur (3)
furious
furiously
furrow
furrows
further (3)
fury (2)
gained
gallons
game (10)
game,”
game.”
games
game’s
garden (13)
garden!”
garden_.’”
gardeners (8)
garden—how
gather
gave (15)
gay
gazing
general (3)
generally (7)
gently (3)
Geography
get (43)
getting (21)
getting!”
get’
giddy.” (2)
girl (3)
girl,”
girls (3)
give (9)
given
giving (2)
glad (11)
glanced
glaring
glass (9)
globe
gloomily
gloves (10)
gloves—that
go (45)
go,” (2)
go?”
goes (7)
going (27)
golden (7)
goldfish (2)
gone (13)
good (24)
Good-bye
good-natured
good-naturedly
goose (2)
got (45)
graceful
Grammar
grand (3)
grant
grass (4)
grave (3)
gravely (3)
gravy
grazed
great (39)
green (4)
grew
grey
Grief
grin (4)
grin,”
grin.”
grinned (3)
grinning
grins
ground (3)
ground.”
ground—and
grow (13)
growing (10)
growing.”
growl (3)
growled
growling,”
growls
grown (7)
grumbled
grunt,”
grunted (4)
Gryphon (55)
guard
guess (3)
guessed (3)
guests (3)
guilt,”
guinea-pig (2)
guinea-pigs (3)
guinea-pigs!”
had (177)
had!”
hadn’t (7)
hair (6)
hair.”
half (21)
half-past (2)
hall (9)
hand (18)
hand,”
handed (3)
hands (12)
handsome
handwriting?”
hanging (3)
happen (7)
happen,”
happened (7)
happening
happens (4)
happens!”
happy
hard (8)
hardly (12)
Hare (31)
harm
has (7)
hasn’t (2)
haste
hastily (16)
hat,”
hatching
hate
hated
hate—c
Hatter (54)
hatter.”
hatters
Hatter’s
have (77)
haven’t (7)
haven’t,”
having (10)
he (112)
he?”
head (39)
head!’”
head!” (7)
heads (9)
heads!”
head—
head—brandy
head’s
heap
hear (14)
heard (29)
heard!”
hearing (4)
heart (2)
hearth
Hearthrug
hearts (8)
heavy (2)
hedge
hedge!”
hedgehog (7)
hedgehogs (3)
hedges,”
heels
height (5)
held (4)
help (9)
helped
helpless
her (247)
her,”
here (32)
here!”
here,” (4)
here.” (2)
here?” (4)
here_,”
here_.”
hers (3)
herself (83)
hers—she
he’d
he’ll
he’s
hid
hide
high (14)
high,” (2)
highest
him (38)
him,” (2)
him_.”
himself (6)
him—how
him—it
hint (2)
hippopotamus
his (95)
hiss
histories
history (6)
history.”
hit (2)
hoarse (3)
hoarsely
hold (6)
holding (3)
holiday?”
hollow
home (3)
home,”
home?”
honest
honour (2)
honour!” (2)
hookah (5)
hope (3)
hoped
hopeful
hopeless
hoping (3)
hot (5)
hot-tempered,”
hour (2)
hours (4)
house (17)
house!”
housemaid,”
houses
how (46)
however (19)
howled
howling (3)
humble
humbly (2)
hundred
hung
hungry (3)
hunting (3)
hurried (11)
hurriedly (2)
hurry (11)
hurrying
hurt (3)
hush!” (2)
i (266)
i!” (2)
i,”
idea (14)
idea,”
idiotic!”
if (73)
if—if
ignorant
ii (2)
iii (2)
ill.” (2)
imagine (2)
imitated
immediate
immediately (3)
immense
impatient
impatiently (5)
impertinent,”
important (3)
important,”
impossible (3)
Improve
in (355)
in.”
in?” (3)
incessantly
inches (6)
inclined
indeed (7)
indeed!” (6)
indeed,” (2)
indeed:—
indignant
indignantly (4)
injure
ink
inkstand
inquired
inquisitively
inside (2)
insolence
instance (3)
instantly (5)
instead (2)
instead!”
insult
interest
interesting (5)
interrupt
interrupted (9)
interrupting (2)
into (67)
introduce (2)
introduced
invent
invented
invitation (2)
invited
invited,”
Involved
inwards
irritated
is (88)
is!” (3)
is,” (2)
is.” (3)
is?”
isn’t (6)
isn’t,”
is—oh
is—‘be
is—‘birds
is—‘oh
is—‘take
is—‘the
is—”
it (446)
it!—_that
it!” (7)
it,” (18)
it.” (9)
it?” (11)
it_,”
its (57)
itself (14)
it—once
it—”
it’ll (7)
it’s (31)
iv (2)
ix (2)
i—”
I’d (7)
I’ll (24)
I’m (37)
I’ve (20)
Jack-in-the-box
jar (2)
jaw
jaws
jaws!”
jelly-fish
jogged
join (9)
joined (3)
journey
joys
judge (3)
judge,”
judging
jumped (6)
jumping (4)
juror
jurors (3)
jurors.”
jury (15)
jury,’
jury-box (3)
jury-box,”
jurymen (4)
jury—”
just (48)
justice
keep (9)
keeping (2)
kept (13)
kettle
key (9)
kick (3)
kid (5)
kill
killing
kills
kind (6)
kind,”
kindly (2)
king (60)
king,”
Kings
King’s (2)
kiss
kissed
kitchen (4)
Knave (9)
knee (5)
kneel
knelt
knew (15)
knife (2)
knock
knocked
knocking
knocking,” (2)
knot
knot!”
know (60)
know!” (2)
know,” (8)
know.” (9)
know?” (2)
knowing (2)
knowledge (3)
known
knows (2)
know—and
know—no
know—” (4)
knuckles
label (2)
labelled
Lacie
lad!—here
ladder?—why
lady (2)
lady,”
laid (2)
lamps
land
languid
lap (2)
large (33)
larger (7)
largest
lark
last (32)
last!”
lasted (2)
Lastly
late (4)
late!”
late.”
lately
later (3)
Latin
Latitude (2)
laugh
laughed (2)
laughing (2)
laughter
law (2)
lay (4)
lazily
lazy
leaders
leading
leaning (2)
leant
leap
learn (6)
learn?”
learned
learning (2)
learnt (2)
least (8)
least—at
leave (7)
leaves (6)
leaving
led (4)
ledge
left (14)
lefthand (2)
legs (3)
length
less (3)
less_,”
lessen
lesson
lesson-book
lesson-books!”
lessons (6)
lessons!”
lessons,” (2)
lessons?”
lest
let (13)
letter (3)
letters
let’s (3)
Lewis
licking
lie (2)
life (8)
life!” (2)
life.”
lifted
like (78)
like!”
like,” (3)
like.”
like?”
liked (5)
liked.”
likely (4)
likes.”
like’!”
limbs
line (2)
lines!”
linked
lips
list (3)
listen (7)
listened
listeners
listening (3)
lit
little (126)
little!”
little,”
little_—’”
live (8)
lived (3)
livery (3)
lives (2)
living
Lizard (5)
Lizard’s
lobster (7)
lobsters (6)
lobsters!”
lobster—”
lock
locked
locks (2)
lodging
London
lonely (2)
long (33)
longed (2)
longer (2)
longer!”
Longitude (2)
look (27)
look-out
looked (45)
looking (30)
looking-glass
loose
Lory (7)
lose
losing
lost (3)
loud (6)
louder
loudly (3)
love (3)
loveliest
lovely (2)
loving
low (14)
low-spirited
lower,”
lowing
luckily (2)
lullaby
lying (8)
m
m?”
ma
Ma!”
Mabel (4)
machines
mad (10)
mad.” (3)
mad?” (2)
made (30)
mad—at
magic
Magpie
Majesty (2)
Majesty!” (2)
Majesty,” (7)
Majesty?”
make (26)
makes (11)
making (8)
mallets
man (3)
man,”
man.”
manage (6)
manage?”
managed (4)
managing
manner (2)
manners
many (12)
maps
March (32)
March.”
marched
March—just
mark (3)
marked (6)
marmalade”
Mary (3)
master (3)
matter (8)
matter,”
matters (2)
may (12)
maybe,”
mayn’t
Ma’am
me (54)
me,” (7)
me.”
me?” (2)
me_,” (2)
me_.”
meal
mean (8)
mean,” (2)
meaning (8)
means (3)
means.”
means—to—make—anything—prettier.”
meant (4)
meant,”
meanwhile
measure
meat
meekly (2)
meet (2)
meeting
melancholy (6)
memorandum
memory
mentioned (3)
Mercia (2)
merely (2)
merrily
messages (2)
met (3)
me”
mice (3)
mice—oh
middle (7)
might (28)
mile (2)
miles (3)
milk
milk-jug
millennium
mind (7)
mind!”
mind,”
mind.”
minded
minding
mine (4)
mine,”
mine_,”
mine_.”
mineral
mine—a
minute (20)
minute!”
minutes (11)
mischief
miserable (2)
miss (3)
missed (2)
mistake (3)
mixed (2)
Mock (57)
moderate
modern
moment (28)
moment!”
moment’s (2)
month (2)
moon
moral (7)
morals
Morcar (2)
more (46)
more!”
more.”
more—as
morning (4)
morning,”
morsel
most (8)
mostly
mostly,”
mournful
mournfully
mouse (35)
mouse!” (2)
mouse-traps
mouse—a
mouse—o
mouse—of
mouse—to
Mouse’s
mouth (10)
mouths (3)
mouths—and
move (3)
moved (5)
moving (3)
much (43)
much!” (2)
much,” (5)
muchness?”
muchness—you
muchness”—did
muddle
Multiplication
murder
murdering
muscular
mushroom (7)
mushroom,”
music
music.” (2)
must (43)
must,”
mustard (2)
mustard-mine
muttered (2)
muttering (3)
my (56)
myself (4)
myself,” (2)
myself.”
Mystery,”
m—” (2)
name (10)
names
names,”
narrow (2)
nasty
natural (4)
near (15)
nearer (5)
nearly (10)
neat
neatly (2)
neck (7)
needn’t (3)
needs
neighbour
neighbouring
neither (2)
nervous (5)
nest
never (41)
never!”
never-ending
nevertheless
never”
new (5)
newspapers
next (29)
next!”
nibbled (2)
nibbling (3)
nice (6)
nicely (2)
night (3)
night-air
Nile
nine (4)
no (73)
no!”
nobody (6)
nodded
noise (3)
noises
none (4)
nonsense (2)
nonsense!” (2)
nonsense,”
nonsense.”
nor (2)
Normans—’
Northumbria
Northumbria—’”
nose (6)
nose!”
nose—
not (121)
not!_”
not!”
not,” (6)
not.” (2)
not?”
note-book (2)
nothing (29)
nothing.”
notice (5)
noticed (8)
noticing
notion (3)
not”
now (35)
now!” (3)
now,” (4)
now.” (4)
now?” (2)
nowhere (2)
now—but
now—don’t
number (5)
nurse (2)
nurse—and
nursing (3)
o
obliged (3)
oblong
obstacle
occasional
occasionally
occurred (2)
odd
of (494)
of?” (3)
off (61)
off,”
off.”
off?”
offend
offended (9)
offended!”
offer (2)
officer
officers (4)
Off—”
often (5)
oh (15)
ointment—one
old (16)
old,” (3)
older (2)
oldest
on (181)
on!’
on!” (6)
on.” (2)
on?” (2)
once (28)
once.” (2)
one (90)
one,” (4)
one?”
one_.”
ones
oneself
one—but
one’s
onions.”
only (45)
open (7)
opened (10)
opening (3)
opinion,”
opportunity (8)
opposite
or (69)
order (2)
order,”
ordered (3)
ordered;”
ordering (2)
ornamented (2)
other (38)
other.”
others (6)
others!”
otherwise (3)
otherwise.’”
other—bill
ought (14)
our (8)
ours
ourselves
out (112)
out-of-the-way (3)
out.’
outside (2)
outside,”
outside_.”
over (37)
over!” (3)
overcome
overhead
Owl (3)
own (10)
oyster!”
o’clock (3)
p
pace,”
pack (5)
paint
painting (2)
pair (5)
pairs
pale (4)
panted
Panther (3)
panting (2)
paper (4)
parchment (2)
pardon
pardon!” (4)
pardon,”
pardoned.”
Paris (2)
part
part.”
particular (3)
particular—here
partner!”
partners—”
parts
party (8)
pass
passage (4)
passed (5)
passing
passion (3)
passionate
past
Pat (2)
patience
patiently (2)
patriotic
patted
pattering (3)
pattern
pause (2)
paused
paw (3)
paws (4)
pebbles (2)
peeped (3)
peeping
peering
pegs
pence
pencil
pencils
Pennyworth
people (12)
people,”
pepper (7)
pepper-box
perfectly (4)
perhaps (12)
perhaps,”
perhaps?”
permitted
persisted (2)
person (3)
person!”
personal (2)
persons
pet
picked (3)
picking (2)
picture
pictured
pictures (4)
pie
pie-crust
piece (5)
pieces (3)
pie—”
pig (6)
Pig!”
pig,” (2)
pig-baby
pigeon (12)
pigs (2)
pinch (2)
pinched (2)
pine-apple
pink
piteous
pitied
pity (2)
pity!’?”
place (8)
placed
places!”
places—_all_,”
plainly
plan (2)
plan!”
plan.”
planning
plate (3)
plates (2)
play (8)
played
players (4)
playing (2)
pleaded (3)
pleasant
pleasanter
please (15)
pleased (7)
pleases!”
pleasing
pleasure (2)
plenty (2)
pocket (4)
pocket?”
pointed
pointing (4)
poker
poky
politely (6)
pool (11)
pool—she
poor (26)
pop
pope
porpoise (2)
porpoise.”
porpoise?’”
position (2)
positively
possible
possibly (3)
pounds
pour
poured
powdered
practice
Pray (2)
precious
present
present!”
presented
Presently (2)
presents (2)
present—at
pressed (3)
pressing
pretend
pretending
pretexts
pretty
prevent
printed
prison,”
prisoner
prisoner’s
prize
prizes
Prizes!”
prizes.”
prizes?”
proceed
proceed,”
procession (4)
procession,”
processions
produced
producing
promise
promised
promising
pronounced
proper (3)
proposal
prosecute
protection
proud (2)
prove
proved (2)
proves (2)
provoking
puffed
pulled
pulling
pun!”
punching
punished
puppy (6)
puppy’s
purple
purring (2)
push
Puss,”
put (31)
putting (3)
puzzle!”
puzzled (9)
puzzling (4)
Quadrille (4)
Quadrille?”
quarrel
quarrelled
quarrelling (2)
queen (65)
Queen!”
Queen,”
Queen?”
Queens
Queen’s (8)
queer (10)
queer-looking
queer-shaped
queerest
question (15)
question,”
question?”
questions (3)
questions.—how
quick (2)
quicker
quickly (2)
quiet (2)
quietly (5)
quite (55)
quiver
rabbit (43)
rabbit,”
rabbit-hole (4)
rabbit-hole—and
rabbits
Rabbit’s (3)
Rabbit’s—“pat
race (2)
race-course
railway
railway,”
raised (2)
raising
ran (16)
rapidly (2)
rapped
rat-hole
rate (8)
rate,”
rather (25)
rats
rattle
rattling (2)
raven
ravens
raving (2)
raw.”
reach (4)
reaching
read (9)
read:—
readily
reading (3)
ready (8)
real (3)
reality—the
really (9)
really?”
rearing
reason (9)
reasonable
reasons
received
recognised
recovered (2)
red (2)
red-hot
reduced
reeds—the
refreshments!”
refused
regular (2)
relief (2)
relieved
remain
remained (3)
remaining
remark (10)
remarkable (2)
remarked (10)
remarking (3)
remarks (2)
remarks,”
remedies—”
remember (12)
remember,” (2)
remembered (5)
remembering
reminding
removed!”
removed,”
repeat (6)
repeated (10)
repeating (3)
replied (29)
reply (5)
resource
respect
respectable
respectful
rest (10)
resting (2)
result
retire
returned (2)
returning
rich
riddle
riddles
riddles.—i
ridge
ridges
ridiculous
right (25)
right!”
right,” (3)
right-hand
right?”
righthand
rightly
ring (2)
ringlets (2)
riper
rippling
rise
rises
rising
roared
roast
rock
Rome
Rome—no
roof (6)
room (11)
room!” (2)
roots
rope—will
rose
rose-tree (4)
roses (2)
roses?”
roughly
round (40)
round!’”
row (2)
royal (2)
rubbed
rubbing (2)
rude
rude.”
rudeness
rule (4)
rules (3)
rumbling
run (4)
running (8)
rush (2)
rushed
rustled
rustling
sad (2)
sad?”
sadly (4)
sadly:—
safe (2)
sage
said (457)
said,”
said—” (3)
salmon
salt (2)
same (23)
sand
sands
sang (2)
sat (17)
saucepan
saucepans
saucer
savage (3)
savage!”
save
saves
saw (14)
say (42)
say!”
say,” (4)
say.” (2)
say?”
saying (14)
saying.”
says (4)
say—that’s
scale
scaly
school (4)
school,”
schoolroom
scolded
scrambling
scratching
scream (2)
screamed (4)
screaming
scroll (2)
sea (8)
sea!” (2)
sea,”
sea-shore—”
sea.”
Seaography
search
seaside
seated
sea—”
second (4)
secondly (2)
secret
see (62)
see!”
see,”
see.”
seeing
seem (8)
seemed (27)
seems (4)
seems,”
seen (14)
seen—everything
see—how
see’!”
seldom
sell
sell,”
send
sending (2)
Sends (2)
sensation (2)
sense (3)
sent (2)
sentence (5)
sentenced
series
seriously
serpent (4)
serpent!” (2)
serpent?”
serpents (3)
set (14)
setting
settle
settled (3)
settling
seven (5)
several (4)
severely (4)
severity
sh!”
shade
shake
Shakespeare
shaking (3)
shall (22)
shall!”
shan’t (5)
shape
shaped (2)
share
shared
sharing
Shark
sharks
sharp (6)
sharply (4)
she (532)
she_,”
shedding
sheep-bells
shelves
shepherd
she’d
she’ll (3)
she’s (4)
shifting
shilling
shillings
shingle—will
shining
shiny?”
shiver
shock
shoes (5)
shoes!”
shoes_,”
shook (9)
shore (3)
short (4)
shorter
shorter.”
should (27)
shoulder (4)
shoulders (4)
shouldn’t (5)
shouted (9)
shouting (2)
show (3)
shower (2)
showing (2)
shriek (5)
shrieked
shrieks
shrill (5)
shrimp
shrink
shrinking (4)
shut (5)
shutting (2)
shyly
side (17)
sides (4)
sigh (4)
sighed (5)
sighing (3)
sight (10)
sign
signed (2)
signifies
signify
silence (12)
silent (7)
simple (5)
simpleton.”
simply (2)
simply—‘never
since (4)
sing (4)
sing,”
sing?”
singers (2)
singing (2)
sink
sir (4)
sir,” (2)
sir—”
sister (8)
sisters,”
sisters—they
sister’s
sit (6)
sits
sitting (10)
six (2)
sixpence
size (12)
size,”
sizes
skimming
skirt
skurried
sky (4)
sky-rocket!”
slate (2)
slate-pencil
slates (7)
slates’ll
slate—oh
sleep (5)
sleepy (5)
sleep’
slightest
slipped (3)
slippery
slowly (8)
sluggard_,’”
small (10)
smaller (3)
smallest (2)
smile (2)
smiled (2)
smiling (2)
smoke
smoking (2)
snail (3)
snappishly
snatch (2)
sneeze (2)
sneezed
sneezes (2)
sneezing (6)
snorting
snout
so (136)
so,” (5)
so.”
sob
sobbed
sobbing (2)
sobbing,”
sobs (4)
soft
softly
soldier
soldiers (10)
solemn (3)
solemnly (4)
solid
some (50)
somebody (5)
somebody.”
somehow
someone
somersault
something (17)
something!”
sometimes (5)
somewhere
somewhere.”
somewhere_,”
son
song (6)
song?”
soon (25)
sooner (2)
soothing
Soo—oop (6)
sorrow
sorrow?”
sorrowful (2)
sorrows
sorry
sort (18)
sort!”
sort,”
sorts (3)
sound (4)
sounded (5)
sounds (4)
soup (14)
soup!” (3)
Soup_,’
sour—and
so—and
spades
speak (11)
speak?”
speaker_,”
speaking (5)
speak—and
spectacles (3)
speech (3)
speed
spell
spite
splash
splashed
splashing (2)
splendidly
spoke (16)
spoken
spoke—fancy
spoon (2)
spot.”
sprawling
spread (3)
spreading
squeaked
squeaking (2)
squeeze
squeezed
stairs (2)
stairs!”
stalk
stamping (2)
stand (5)
standing
star-fish,”
staring (3)
started (2)
startled (2)
state
station
stay (4)
stay!”
stays
steady
steam-engine
sternly
stick (4)
sticks
stiff
Stigand
still (13)
stingy
stirring (2)
stockings
stole (3)
stood (7)
stool
stoop (2)
stop (5)
stop.”
stopped (3)
stopping
story (5)
story!” (2)
story,”
story.”
straight (2)
straightened
straightening
strange (5)
strength
stretched (2)
stretching (2)
strings
struck (2)
stuff (2)
stuff,”
stupid (2)
stupid?”
stupidest
stupidly
subdued
subject (5)
subject,”
subjects
submitted
succeeded (3)
such (40)
sudden (5)
suddenly (13)
suet
sugar
suit (3)
sulkily (2)
sulky (3)
summer (2)
sun (2)
supple
suppose (9)
suppose.”
suppose?” (2)
Suppress
suppressed (4)
sure (20)
surprise (5)
surprised (7)
swallow
swallowed
swallowing
swam (5)
sweet-tempered
swim (3)
swim_—”
swimming (2)
t!”
table (17)
table,”
tail (9)
tails (3)
take (19)
taken (4)
takes (2)
taking (5)
tale (4)
tale!”
talk (12)
talk!”
talk,”
talking (15)
talking!”
taller (2)
tarts (8)
taste (2)
tasted (2)
tasted—”
tastes
taught (4)
tea (8)
tea,” (3)
tea-party (3)
tea-things
tea-time (2)
tea-tray
teaching
teacup (3)
teacups (2)
teapot
tears (12)
teases.”
tea—not
tea—”
teeth
telescope (2)
telescope.”
telescopes
tell (29)
telling (2)
tells (2)
temper (3)
temper!”
temper,”
ten (5)
terms
terribly
terrier
terror
than (23)
thank
thanked
that (234)
that!_”
that!” (7)
that,” (9)
that.” (3)
that?—it
that?” (6)
thatched
that—only
That’ll
that’s (17)
the (1616)
their (51)
theirs
them (73)
them!” (5)
them,” (3)
them.” (2)
themselves (2)
themselves.’”
them—all
them—and (2)
them—“i
them—”
then (67)
then!—bill’s
then!” (2)
then,” (6)
then.” (2)
then?”
then_—she
then—always
then—i
there (67)
there,” (2)
Therefore
there’s (16)
these (13)
these?_”
they (117)
they’d (3)
they’ll (4)
they’re (10)
they’ve
the—”
thick
thimble (2)
thimble,”
thimble;”
thing (40)
thing!” (6)
thing,” (3)
things (22)
things!” (4)
things?”
things—everything
things—i
things—”
think (43)
think!”
think,” (2)
think.”
think?” (2)
think_,”
thinking (10)
think—” (3)
thin—and
thirteen
this (126)
this!_”
this,”
this:— (2)
this?”
thistle (2)
thoroughly (2)
those (10)
though (11)
thought (74)
thoughtfully (4)
thoughts (2)
thousand (2)
three (24)
three-legged (2)
three.”
threw (2)
throat!”
throat,”
throne
through (13)
through,”
throw (3)
throwing (2)
thrown
thump (2)
thunder
thunderstorm
tide
tidy
tie
tied
tight
till (19)
Tillie
time (60)
Time!”
time,” (5)
time.”
time?”
times (6)
timid (3)
timidly (9)
tinkling
tiny (4)
tipped
tiptoe (2)
tired (7)
tittered
to (710)
to,”
to-day
to-day.”
to-day?”
to-night
to.”
to?” (3)
toast
today
toes
toes.”
toes?”
toffee
together (6)
together!”
together.’”
together.”
told (6)
tomorrow—”
tone (40)
tones (2)
tongue (2)
tongue!” (2)
too (23)
too,”
too.”
took (24)
top (8)
tops
Tortoise (2)
Tortoise—”
toss
tossing (3)
touch
tougher
towards
toys
to—to
to—”
trampled
treacle (2)
treacle,”
treacle-well.”
treacle-well—eh
treading (2)
treat
treated
tree (5)
trees (7)
tremble
trembled (2)
trembling (6)
tremulous
trial (6)
trial.”
trials
trial’s (3)
trickling
tricks
tried (19)
Trims
triumphantly (2)
trot
trotting (2)
trouble (5)
trouble!”
true (2)
true,”
true_—’
trumpet (3)
trusts
truth
truthful
try (12)
trying (12)
trying.”
trying—”
tucked (3)
tulip-roots
tumbled
tumbling (2)
tunnel
tureen
turkey
turn (8)
turn-up
turned (16)
turning (12)
turns (3)
Turtle (54)
Turtle.”
turtles (2)
Turtle—we
Turtle’s (3)
tut
twelfth?”
twelve (4)
twentieth
twenty
twenty-four
twice (4)
twice—”
twinkle (4)
twinkle_—”
twinkled
twinkle—’”
twinkling (4)
twist (2)
two (35)
Two!”
two_—’
Ugh
Uglification
uglify
uglifying!”
ugly (2)
unable
uncivil
uncomfortable (4)
uncomfortably
uncommon
uncommonly
uncorked
under (16)
underneath (2)
understand (6)
understood
undertone (2)
undo
undoing
uneasily (2)
uneasy
unfolded (2)
unfortunate (3)
unhappy (2)
unjust
unless
unlocking
unpleasant (2)
unrolled (2)
until (4)
untwist
unusually
unwillingly
up (91)
up!”
up,” (2)
up.” (2)
upon (26)
upright
upset (3)
upsetting
upstairs
us (12)
us!’”
us,”
use (18)
used (12)
used—and
useful (2)
using (2)
usual (4)
usual,”
usually (2)
usurpation
v (2)
vague
vanished (4)
vanishing
variations
various
vegetable
velvet
venture (3)
ventured (4)
verdict,” (3)
verse
verse,” (2)
verse.”
verses (3)
verses.”
very (139)
vi (2)
vii (2)
viii (2)
vinegar
violence
violent (2)
violently (4)
Visit
voice (46)
voice:—
voices (2)
voices—“hold
voice—the
vote
vulgar
wag
wags
waist,”
waistcoat-pocket (2)
wait
waited (11)
waiting (8)
waiting!”
walk (4)
walk!’
walked (10)
walking (5)
walrus
wander
wandered (2)
wandering (2)
want (9)
wanted (4)
wants (2)
warning,”
was (351)
was!”
was,” (3)
was.”
wash (2)
washing
washing?”
washing_—extra.’”
wasn’t (11)
waste
wasting (2)
watch (6)
watch!”
watch,”
watched (2)
watching (3)
water (4)
water-well,”
waters
waving (5)
way (50)
way:—
way?”
way—never
way—”
we (17)
weak (2)
wearily
week (3)
weeks!”
welcome
well (31)
well,” (2)
well?” (2)
well—”
went (83)
wept
were (83)
were,” (2)
weren’t
wet (2)
we’re
we’ve (2)
what (93)
what?_” (3)
what?”
what_?”
whatever
whatever,”
whatever?_”
what’s (2)
when (74)
where (10)
where.”
whereupon
wherever (2)
where—”
whether (11)
which (44)
which?”
while (24)
whiles.”
whiskers (2)
whiskers!”
whisper (3)
whispered (5)
whispers
whistle
whistling
white (30)
whiting (4)
whiting!”
whiting,” (2)
whiting?”
who (55)
whole (13)
whom
whose (2)
why (17)
wide (2)
wider
wife
wig
wig.”
wild (2)
wildly (2)
will (30)
William (3)
William,”
William_,’”
William_,”
William’s
win
wind (2)
window (5)
window!”
window.”
window?”
wine,” (2)
wings
wink (2)
winter
wise (2)
wish (21)
with (175)
with,” (2)
with.”
with?”
within
within—a
without (24)
without—maybe
witness (5)
witness!” (2)
witness,”
witness.” (2)
wits!”
woke
woman
woman—but
won
won?”
wonder (15)
wonder?” (3)
wondered
wonderful (2)
wondering (7)
Wonderland (3)
won’t (22)
won’t!” (2)
wood (6)
wood,”
wooden
wood—(she
word (10)
words (17)
words,”
words.”
words:— (2)
wore
work (8)
works!”
world (7)
worm
worried
worry
worse (3)
worth (4)
would (77)
would,”
wouldn’t (12)
wow (2)
wow!” (2)
wrapping
wretched (2)
wriggling
write (5)
Writhing
writing (4)
writing-desk?”
writing-desks
written (6)
wrong (4)
wrong!”
wrote (3)
x (2)
xi (2)
xii (2)
yards
yawned (2)
yawning (2)
ye
year (2)
years
yelled
yelp
yer (4)
yesterday (3)
yet (12)
yet!”
yet,” (4)
yet.” (2)
yet?” (2)
yet_,”
yet—and
yet—it’s
yet—oh
you (296)
you!” (3)
you,” (6)
you.”
you?_” (2)
you?” (7)
you_,’”
you_.—come
young (5)
your (60)
yours (2)
yours.’”
yourself (6)
yourself!”
yourself,”
yourself.” (2)
youth (3)
youth,” (3)
you—all
you—are
you’d (8)
you’ll (4)
you’re (17)
you’ve (5)
Zealand
zigzag
‘_how
‘_i
‘_poison_’
‘_they
‘_turtle
‘come (2)
‘coming
‘edwin
‘french
‘he’s
‘i (6)
‘it’ (2)
‘i’ll (2)
‘keep
‘let
‘moral,’
‘purpose’?”
‘such
‘twinkle
‘uglification,’”
‘up
‘what (2)
‘who
‘william
‘with
‘’_tis
’em (3)
’tis (2)
“_are
“_everybody
“_i (2)
“_it
“_i’m
“_i’ve
“_she
“_stolen!_”
“_that (2)
“_twinkle
“_un_important (2)
“_very
“_you (2)
“_you’d
“a (11)
“advance
“after (2)
“ah (4)
“ahem!”
“alice!”
“all (3)
“allow
“an
“and (55)
“any
“anything
“are (6)
“arrum.”
“as (7)
“at (3)
“back
“beautiful (2)
“because (3)
“begin
“behead
“besides
“boots
“bring
“but (39)
“by-the-bye
“call (4)
“can
“can’t
“certainly
“change
“cheshire
“chop
“chorus
“collar
“come (15)
“consider (3)
“creatures,”
“crumbs
“curiouser
“dear
“did (3)
“digging
“dinah’ll
“dinah’s
“do (8)
“does (2)
“don’t (6)
“drink (3)
“drive
“each
“eat
“either
“everybody
“everything’s
“exactly (2)
“explain (2)
“explanations
“fetch (2)
“fifteenth,”
“first
“flamingoes
“for (7)
“found (2)
“fourteenth
“from
“fury
“get (2)
“give (3)
“go (2)
“hadn’t
“hand
“have (3)
“he (7)
“herald
“here (2)
“here!”
“he’s
“his
“hjckrrh!”
“hm
“hold (3)
“how (17)
“however
“hush
“i (121)
“idiot!”
“if (21)
“important,”
“important—unimportant—unimportant—important—”
“in (8)
“is (4)
“it (29)
“it’ll
“it’s (23)
“it’s—it’s
“i—i
“i—i’m
“i’d (4)
“i’ll (5)
“i’m (19)
“i’ve (13)
“jury-men”
“just (3)
“keep
“leave (2)
“let (3)
“let’s (2)
“lives (2)
“living
“look
“mary
“may
“mine
“mouse
“much
“my (2)
“nearly
“never
“never!”
“nine
“no (11)
“no,” (2)
“nobody (2)
“nonsense!”
“nor
“not (11)
“nothing (3)
“nothing,”
“now (9)
“o
“of (12)
“off (8)
“oh (23)
“on
“once
“once,”
“one (5)
“only (4)
“or (6)
“orange
“où
“pepper
“perhaps (3)
“please (4)
“poison,” (2)
“poor
“pray
“prizes
“read
“really (3)
“reeling
“repeat
“right
“rule
“same
“seals
“sentence
“serpent
“serpent!”
“seven
“sh
“shall (2)
“shan’t,”
“she (3)
“she’d
“she’s (3)
“shy
“silence
“silence!”
“sit (2)
“sixteenth,”
“so (7)
“soles
“some
“somebody
“soo—oop
“speak (2)
“stand
“stuff
“stupid (2)
“stupid,”
“suppose (2)
“sure (4)
“swim
“take (2)
“talking
“tell (2)
“ten
“than
“thank (3)
“that (13)
“that’s (16)
“the (21)
“their
“then (12)
“there (6)
“there’s (8)
“they (9)
“they—you’ve
“they’d
“they’re (3)
“thinking
“this (3)
“three
“till (2)
“to (5)
“too
“treacle,” (2)
“turn (2)
“tut
“twenty-four
“two (2)
“ugh!”
“unimportant.”
“unless
“until
“up
“very (3)
“very,”
“w
“wake (2)
“was
“we (11)
“well (22)
“well!”
“we’re
“what (36)
“what’s (3)
“when (5)
“whenever
“where
“where’s
“which (4)
“who (6)
“whoever
“who’s
“why (18)
“why,” (2)
“why?” (2)
“will
“with
“without
“would (5)
“wouldn’t
“wow (2)
“write
“yes (8)
“yes!”
“yes,” (3)
“you (40)
“you!”
“your (2)
“you’d
“you’ll (2)
“you’re (6)
“you’ve
“—_said
“—and (2)
“—as
“—but
“—change
“—for
“—i
“—it
“—likely
“—mystery
“—or
“—so (2)
“—that
“—well
“—where’s
“—yes
“—you
“‘_we
“‘miss
“‘—found
“’tis (2)
